test.osl:6: error: type 'color' does not have a member 'x'
test.osl:7: error: type 'color' does not have a member 'y'
test.osl:7: error: type 'color' does not have a member 'z'
test.osl:8: error: type 'color' does not have a member 'f'
test.osl:11: error: type 'vector' does not have a member 'r'
test.osl:12: error: type 'vector' does not have a member 'g'
test.osl:12: error: type 'vector' does not have a member 'b'
test.osl:15: error: type 'normal' does not have a member 'g'
test.osl:15: error: type 'normal' does not have a member 'b'
test.osl:15: error: type 'normal' does not have a member 'a'
test.osl:16: error: type 'normal' does not have a member 'r'
test.osl:18: error: type 'normal' does not have a member 'r'
test.osl:21: error: type 'point' does not have a member 'f'
test.osl:22: error: type 'point' does not have a member 'r'
FAILED test.osl
